<?xml version="1.0" encoding="UTF-8"?>
<!-- Generated by org.testng.reporters.JUnitReportReporter -->
<testsuite hostname="DESKTOP-3I25V62" failures="0" tests="1" name="testCases.TC_001_AccountRegistrationTest" time="5.250" errors="0" timestamp="2025-09-29T16:21:22 IST" skipped="0">
  <testcase classname="testCases.TC_001_AccountRegistrationTest" name="verify_account_registration" time="5.250"/>
</testsuite> <!-- testCases.TC_001_AccountRegistrationTest -->
