<?xml version="1.0" encoding="UTF-8"?>
<!-- Generated by org.testng.reporters.JUnitReportReporter -->
<testsuite hostname="DESKTOP-3I25V62" failures="0" tests="1" name="testCases.TC_002_LoginTest" time="2.824" errors="0" timestamp="2025-09-29T16:46:22 IST" skipped="0">
  <testcase classname="testCases.TC_002_LoginTest" name="verify_login" time="2.824"/>
</testsuite> <!-- testCases.TC_002_LoginTest -->
